0 info it worked if it ends with ok
1 verbose cli [ '/usr/bin/nodejs',
1 verbose cli   '/usr/bin/npm',
1 verbose cli   'run',
1 verbose cli   'desktop',
1 verbose cli   '--',
1 verbose cli   'build-installer',
1 verbose cli   '--win',
1 verbose cli   'npm',
1 verbose cli   'run',
1 verbose cli   'desktop',
1 verbose cli   '--',
1 verbose cli   'build-installer',
1 verbose cli   '--linux',
1 verbose cli   'npm',
1 verbose cli   'run',
1 verbose cli   'desktop',
1 verbose cli   '--',
1 verbose cli   'build-installer',
1 verbose cli   '--osx' ]
2 info using npm@3.5.2
3 info using node@v4.2.6
4 verbose run-script [ 'predesktop', 'desktop', 'postdesktop' ]
5 info lifecycle dICOApp@~predesktop: dICOApp@
6 silly lifecycle dICOApp@~predesktop: no script for predesktop, continuing
7 info lifecycle dICOApp@~desktop: dICOApp@
8 verbose lifecycle dICOApp@~desktop: unsafe-perm in lifecycle true
9 verbose lifecycle dICOApp@~desktop: PATH: /usr/share/npm/bin/node-gyp-bin:/home/administrator/dicoapp/node_modules/.bin:/usr/lib/jvm/java-8-oracle/bin:/home/administrator/.local/share/umake/bin:/home/administrator/bin:/home/administrator/.local/bin:/usr/local/sbin:/usr/local/bin:/usr/sbin:/usr/bin:/sbin:/bin:/usr/games:/usr/local/games:/snap/bin:/usr/lib/jvm/java-8-oracle/bin:/usr/lib/jvm/java-8-oracle/db/bin:/usr/lib/jvm/java-8-oracle/jre/bin:/home/administrator/android-studio/tools:/home/administrator/android-studio/platform-tools
10 verbose lifecycle dICOApp@~desktop: CWD: /home/administrator/dicoapp
11 silly lifecycle dICOApp@~desktop: Args: [ '-c',
11 silly lifecycle   'meteor-desktop "build-installer" "--win" "npm" "run" "desktop" "--" "build-installer" "--linux" "npm" "run" "desktop" "--" "build-installer" "--osx"' ]
12 silly lifecycle dICOApp@~desktop: Returned: code: 1  signal: null
13 info lifecycle dICOApp@~desktop: Failed to exec desktop script
14 verbose stack Error: dICOApp@ desktop: `meteor-desktop "build-installer" "--win" "npm" "run" "desktop" "--" "build-installer" "--linux" "npm" "run" "desktop" "--" "build-installer" "--osx"`
14 verbose stack Exit status 1
14 verbose stack     at EventEmitter.<anonymous> (/usr/share/npm/lib/utils/lifecycle.js:232:16)
14 verbose stack     at emitTwo (events.js:87:13)
14 verbose stack     at EventEmitter.emit (events.js:172:7)
14 verbose stack     at ChildProcess.<anonymous> (/usr/share/npm/lib/utils/spawn.js:24:14)
14 verbose stack     at emitTwo (events.js:87:13)
14 verbose stack     at ChildProcess.emit (events.js:172:7)
14 verbose stack     at maybeClose (internal/child_process.js:821:16)
14 verbose stack     at Process.ChildProcess._handle.onexit (internal/child_process.js:211:5)
15 verbose pkgid dICOApp@
16 verbose cwd /home/administrator/dicoapp
17 error Linux 4.4.0-127-generic
18 error argv "/usr/bin/nodejs" "/usr/bin/npm" "run" "desktop" "--" "build-installer" "--win" "npm" "run" "desktop" "--" "build-installer" "--linux" "npm" "run" "desktop" "--" "build-installer" "--osx"
19 error node v4.2.6
20 error npm  v3.5.2
21 error code ELIFECYCLE
22 error dICOApp@ desktop: `meteor-desktop "build-installer" "--win" "npm" "run" "desktop" "--" "build-installer" "--linux" "npm" "run" "desktop" "--" "build-installer" "--osx"`
22 error Exit status 1
23 error Failed at the dICOApp@ desktop script 'meteor-desktop "build-installer" "--win" "npm" "run" "desktop" "--" "build-installer" "--linux" "npm" "run" "desktop" "--" "build-installer" "--osx"'.
23 error Make sure you have the latest version of node.js and npm installed.
23 error If you do, this is most likely a problem with the dICOApp package,
23 error not with npm itself.
23 error Tell the author that this fails on your system:
23 error     meteor-desktop "build-installer" "--win" "npm" "run" "desktop" "--" "build-installer" "--linux" "npm" "run" "desktop" "--" "build-installer" "--osx"
23 error You can get information on how to open an issue for this project with:
23 error     npm bugs dICOApp
23 error Or if that isn't available, you can get their info via:
23 error     npm owner ls dICOApp
23 error There is likely additional logging output above.
24 verbose exit [ 1, true ]
